<?xml version="1.0" ?>
<!DOCTYPE coverage SYSTEM "http://cobertura.sourceforge.net/xml/coverage-04.dtd">
<coverage lines-valid="90" lines-covered="67" line-rate="0.7444" branches-valid="26" branches-covered="12" branch-rate="0.46149999999999997" timestamp="1572789815289" complexity="0" version="0.1">
  <sources>
    <source>/Users/kanbharg/Documents/P/gits/split-the-bill</source>
  </sources>
  <packages>
    <package name="src" line-rate="0.75" branch-rate="1">
      <classes>
        <class name="App.js" filename="src/App.js" line-rate="0" branch-rate="1">
          <methods>
            <method name="(anonymous_0)" hits="0" signature="()V">
              <lines>
                <line number="5" hits="0"/>
              </lines>
            </method>
          </methods>
          <lines>
            <line number="5" hits="0" branch="false"/>
            <line number="6" hits="0" branch="false"/>
          </lines>
        </class>
        <class name="constants.js" filename="src/constants.js" line-rate="1" branch-rate="1">
          <methods>
          </methods>
          <lines>
            <line number="1" hits="4" branch="false"/>
            <line number="2" hits="4" branch="false"/>
            <line number="3" hits="4" branch="false"/>
            <line number="4" hits="4" branch="false"/>
            <line number="5" hits="4" branch="false"/>
            <line number="6" hits="4" branch="false"/>
            <line number="7" hits="4" branch="false"/>
            <line number="8" hits="4" branch="false"/>
            <line number="9" hits="4" branch="false"/>
          </lines>
        </class>
        <class name="index.js" filename="src/index.js" line-rate="0" branch-rate="1">
          <methods>
          </methods>
          <lines>
            <line number="5" hits="0" branch="false"/>
          </lines>
        </class>
      </classes>
    </package>
    <package name="src.components.ExpenseList" line-rate="1" branch-rate="1">
      <classes>
        <class name="index.js" filename="src/components/ExpenseList/index.js" line-rate="1" branch-rate="1">
          <methods>
            <method name="(anonymous_0)" hits="2" signature="()V">
              <lines>
                <line number="6" hits="2"/>
              </lines>
            </method>
            <method name="(anonymous_1)" hits="2" signature="()V">
              <lines>
                <line number="15" hits="2"/>
              </lines>
            </method>
            <method name="(anonymous_2)" hits="1" signature="()V">
              <lines>
                <line number="21" hits="1"/>
              </lines>
            </method>
          </methods>
          <lines>
            <line number="6" hits="2" branch="false"/>
            <line number="7" hits="2" branch="false"/>
            <line number="16" hits="2" branch="false"/>
            <line number="21" hits="1" branch="false"/>
            <line number="38" hits="2" branch="false"/>
          </lines>
        </class>
      </classes>
    </package>
    <package name="src.components.Header" line-rate="1" branch-rate="1">
      <classes>
        <class name="index.js" filename="src/components/Header/index.js" line-rate="1" branch-rate="1">
          <methods>
            <method name="(anonymous_0)" hits="1" signature="()V">
              <lines>
                <line number="5" hits="1"/>
              </lines>
            </method>
          </methods>
          <lines>
            <line number="5" hits="1" branch="false"/>
            <line number="6" hits="1" branch="false"/>
          </lines>
        </class>
      </classes>
    </package>
    <package name="src.containers.SettleResults" line-rate="0.5745" branch-rate="0.25">
      <classes>
        <class name="index.js" filename="src/containers/SettleResults/index.js" line-rate="0.5745" branch-rate="0.25">
          <methods>
            <method name="(anonymous_0)" hits="1" signature="()V">
              <lines>
                <line number="9" hits="1"/>
              </lines>
            </method>
            <method name="(anonymous_1)" hits="1" signature="()V">
              <lines>
                <line number="17" hits="1"/>
              </lines>
            </method>
            <method name="(anonymous_2)" hits="1" signature="()V">
              <lines>
                <line number="22" hits="1"/>
              </lines>
            </method>
            <method name="(anonymous_3)" hits="1" signature="()V">
              <lines>
                <line number="26" hits="1"/>
              </lines>
            </method>
            <method name="(anonymous_4)" hits="1" signature="()V">
              <lines>
                <line number="40" hits="1"/>
              </lines>
            </method>
            <method name="(anonymous_5)" hits="2" signature="()V">
              <lines>
                <line number="83" hits="2"/>
              </lines>
            </method>
            <method name="(anonymous_6)" hits="0" signature="()V">
              <lines>
                <line number="93" hits="0"/>
              </lines>
            </method>
          </methods>
          <lines>
            <line number="8" hits="2" branch="false"/>
            <line number="10" hits="1" branch="false"/>
            <line number="11" hits="1" branch="false"/>
            <line number="18" hits="1" branch="false"/>
            <line number="22" hits="1" branch="false"/>
            <line number="23" hits="1" branch="false"/>
            <line number="24" hits="1" branch="false"/>
            <line number="25" hits="1" branch="false"/>
            <line number="26" hits="1" branch="false"/>
            <line number="27" hits="1" branch="true" condition-coverage="50% (1/2)"/>
            <line number="28" hits="1" branch="false"/>
            <line number="29" hits="1" branch="false"/>
            <line number="31" hits="0" branch="false"/>
            <line number="33" hits="1" branch="false"/>
            <line number="35" hits="1" branch="false"/>
            <line number="36" hits="1" branch="false"/>
            <line number="40" hits="1" branch="false"/>
            <line number="41" hits="1" branch="false"/>
            <line number="42" hits="1" branch="false"/>
            <line number="43" hits="1" branch="false"/>
            <line number="45" hits="1" branch="false"/>
            <line number="46" hits="1" branch="false"/>
            <line number="48" hits="1" branch="false"/>
            <line number="49" hits="1" branch="true" condition-coverage="50% (1/2)"/>
            <line number="51" hits="0" branch="true" condition-coverage="0% (0/2)"/>
            <line number="52" hits="0" branch="false"/>
            <line number="54" hits="0" branch="true" condition-coverage="0% (0/2)"/>
            <line number="55" hits="0" branch="true" condition-coverage="0% (0/2)"/>
            <line number="56" hits="0" branch="false"/>
            <line number="57" hits="0" branch="false"/>
            <line number="58" hits="0" branch="false"/>
            <line number="59" hits="0" branch="false"/>
            <line number="60" hits="0" branch="true" condition-coverage="0% (0/2)"/>
            <line number="61" hits="0" branch="false"/>
            <line number="62" hits="0" branch="false"/>
            <line number="63" hits="0" branch="false"/>
            <line number="64" hits="0" branch="false"/>
            <line number="66" hits="0" branch="false"/>
            <line number="67" hits="0" branch="false"/>
            <line number="68" hits="0" branch="false"/>
            <line number="69" hits="0" branch="false"/>
            <line number="72" hits="0" branch="true" condition-coverage="0% (0/2)"/>
            <line number="77" hits="1" branch="false"/>
            <line number="84" hits="2" branch="false"/>
            <line number="86" hits="2" branch="false"/>
            <line number="94" hits="0" branch="false"/>
            <line number="103" hits="2" branch="false"/>
          </lines>
        </class>
      </classes>
    </package>
    <package name="src.containers.UsersList" line-rate="1" branch-rate="0.8">
      <classes>
        <class name="index.js" filename="src/containers/UsersList/index.js" line-rate="1" branch-rate="0.8">
          <methods>
            <method name="(anonymous_0)" hits="6" signature="()V">
              <lines>
                <line number="8" hits="6"/>
              </lines>
            </method>
            <method name="(anonymous_1)" hits="14" signature="()V">
              <lines>
                <line number="19" hits="14"/>
              </lines>
            </method>
            <method name="(anonymous_2)" hits="4" signature="()V">
              <lines>
                <line number="21" hits="4"/>
              </lines>
            </method>
            <method name="(anonymous_3)" hits="1" signature="()V">
              <lines>
                <line number="26" hits="1"/>
              </lines>
            </method>
            <method name="(anonymous_4)" hits="1" signature="()V">
              <lines>
                <line number="45" hits="1"/>
              </lines>
            </method>
            <method name="(anonymous_5)" hits="1" signature="()V">
              <lines>
                <line number="52" hits="1"/>
              </lines>
            </method>
            <method name="(anonymous_6)" hits="1" signature="()V">
              <lines>
                <line number="53" hits="1"/>
              </lines>
            </method>
            <method name="(anonymous_7)" hits="3" signature="()V">
              <lines>
                <line number="61" hits="3"/>
              </lines>
            </method>
            <method name="(anonymous_8)" hits="14" signature="()V">
              <lines>
                <line number="71" hits="14"/>
              </lines>
            </method>
          </methods>
          <lines>
            <line number="9" hits="6" branch="false"/>
            <line number="10" hits="6" branch="false"/>
            <line number="19" hits="6" branch="false"/>
            <line number="20" hits="14" branch="false"/>
            <line number="21" hits="14" branch="true" condition-coverage="50% (1/2)"/>
            <line number="22" hits="14" branch="false"/>
            <line number="26" hits="6" branch="false"/>
            <line number="27" hits="1" branch="false"/>
            <line number="28" hits="1" branch="false"/>
            <line number="45" hits="6" branch="false"/>
            <line number="46" hits="1" branch="false"/>
            <line number="52" hits="6" branch="false"/>
            <line number="53" hits="1" branch="false"/>
            <line number="54" hits="1" branch="false"/>
            <line number="55" hits="1" branch="false"/>
            <line number="56" hits="1" branch="false"/>
            <line number="61" hits="6" branch="false"/>
            <line number="62" hits="3" branch="false"/>
            <line number="63" hits="3" branch="false"/>
            <line number="64" hits="3" branch="false"/>
            <line number="66" hits="3" branch="false"/>
            <line number="72" hits="14" branch="false"/>
            <line number="73" hits="14" branch="false"/>
            <line number="74" hits="14" branch="false"/>
          </lines>
        </class>
      </classes>
    </package>
  </packages>
</coverage>
