TN:
SF:/Users/kanbharg/Documents/P/gits/split-the-bill/src/App.js
FN:5,(anonymous_0)
FNF:1
FNH:0
FNDA:0,(anonymous_0)
DA:5,0
DA:6,0
LF:2
LH:0
BRF:0
BRH:0
end_of_record
TN:
SF:/Users/kanbharg/Documents/P/gits/split-the-bill/src/constants.js
FNF:0
FNH:0
DA:1,4
DA:2,4
DA:3,4
DA:4,4
DA:5,4
DA:6,4
DA:7,4
DA:8,4
DA:9,4
LF:9
LH:9
BRF:0
BRH:0
end_of_record
TN:
SF:/Users/kanbharg/Documents/P/gits/split-the-bill/src/index.js
FNF:0
FNH:0
DA:5,0
LF:1
LH:0
BRF:0
BRH:0
end_of_record
TN:
SF:/Users/kanbharg/Documents/P/gits/split-the-bill/src/components/ExpenseList/index.js
FN:6,(anonymous_0)
FN:15,(anonymous_1)
FN:21,(anonymous_2)
FNF:3
FNH:3
FNDA:2,(anonymous_0)
FNDA:2,(anonymous_1)
FNDA:1,(anonymous_2)
DA:6,2
DA:7,2
DA:16,2
DA:21,1
DA:38,2
LF:5
LH:5
BRF:0
BRH:0
end_of_record
TN:
SF:/Users/kanbharg/Documents/P/gits/split-the-bill/src/components/Header/index.js
FN:5,(anonymous_0)
FNF:1
FNH:1
FNDA:1,(anonymous_0)
DA:5,1
DA:6,1
LF:2
LH:2
BRF:0
BRH:0
end_of_record
TN:
SF:/Users/kanbharg/Documents/P/gits/split-the-bill/src/containers/SettleResults/index.js
FN:9,(anonymous_0)
FN:17,(anonymous_1)
FN:22,(anonymous_2)
FN:26,(anonymous_3)
FN:39,(anonymous_4)
FN:82,(anonymous_5)
FN:92,(anonymous_6)
FNF:7
FNH:7
FNDA:5,(anonymous_0)
FNDA:5,(anonymous_1)
FNDA:9,(anonymous_2)
FNDA:25,(anonymous_3)
FNDA:8,(anonymous_4)
FNDA:13,(anonymous_5)
FNDA:11,(anonymous_6)
DA:8,2
DA:10,5
DA:11,5
DA:18,5
DA:22,5
DA:23,9
DA:24,9
DA:25,9
DA:26,9
DA:27,25
DA:28,23
DA:29,23
DA:31,2
DA:34,9
DA:35,9
DA:39,5
DA:40,8
DA:41,8
DA:42,8
DA:44,8
DA:45,21
DA:47,8
DA:48,21
DA:50,17
DA:51,9
DA:53,23
DA:54,11
DA:55,3
DA:56,3
DA:57,3
DA:58,3
DA:59,8
DA:60,6
DA:61,6
DA:62,6
DA:63,6
DA:65,2
DA:66,2
DA:67,2
DA:68,2
DA:71,23
DA:76,8
DA:83,13
DA:85,13
DA:93,11
DA:102,2
LF:46
LH:46
BRDA:27,0,0,23
BRDA:27,0,1,2
BRDA:48,1,0,4
BRDA:48,1,1,17
BRDA:50,2,0,9
BRDA:50,2,1,8
BRDA:53,3,0,11
BRDA:53,3,1,12
BRDA:54,4,0,3
BRDA:54,4,1,8
BRDA:59,5,0,6
BRDA:59,5,1,2
BRDA:71,6,0,5
BRDA:71,6,1,18
BRDA:87,7,0,13
BRDA:87,7,1,8
BRF:16
BRH:16
end_of_record
TN:
SF:/Users/kanbharg/Documents/P/gits/split-the-bill/src/containers/UsersList/index.js
FN:8,(anonymous_0)
FN:19,(anonymous_1)
FN:21,(anonymous_2)
FN:26,(anonymous_3)
FN:45,(anonymous_4)
FN:52,(anonymous_5)
FN:53,(anonymous_6)
FN:61,(anonymous_7)
FN:71,(anonymous_8)
FNF:9
FNH:9
FNDA:6,(anonymous_0)
FNDA:14,(anonymous_1)
FNDA:4,(anonymous_2)
FNDA:1,(anonymous_3)
FNDA:1,(anonymous_4)
FNDA:1,(anonymous_5)
FNDA:1,(anonymous_6)
FNDA:3,(anonymous_7)
FNDA:14,(anonymous_8)
DA:9,6
DA:10,6
DA:19,6
DA:20,14
DA:21,14
DA:22,14
DA:26,6
DA:27,1
DA:28,1
DA:45,6
DA:46,1
DA:52,6
DA:53,1
DA:54,1
DA:55,1
DA:56,1
DA:61,6
DA:62,3
DA:63,3
DA:64,3
DA:66,3
DA:72,14
DA:73,14
DA:74,14
LF:24
LH:24
BRDA:21,0,0,4
BRDA:21,0,1,0
BRDA:67,1,0,0
BRDA:67,1,1,3
BRDA:115,2,0,3
BRDA:115,2,1,11
BRDA:115,3,0,14
BRDA:115,3,1,14
BRDA:124,4,0,14
BRDA:124,4,1,1
BRF:10
BRH:8
end_of_record
