TN:
SF:/Users/kanbharg/Documents/P/gits/split-the-bill/src/App.js
FN:5,(anonymous_0)
FNF:1
FNH:0
FNDA:0,(anonymous_0)
DA:5,0
DA:6,0
LF:2
LH:0
BRF:0
BRH:0
end_of_record
TN:
SF:/Users/kanbharg/Documents/P/gits/split-the-bill/src/constants.js
FNF:0
FNH:0
DA:1,4
DA:2,4
DA:3,4
DA:4,4
DA:5,4
DA:6,4
DA:7,4
DA:8,4
DA:9,4
LF:9
LH:9
BRF:0
BRH:0
end_of_record
TN:
SF:/Users/kanbharg/Documents/P/gits/split-the-bill/src/index.js
FNF:0
FNH:0
DA:5,0
LF:1
LH:0
BRF:0
BRH:0
end_of_record
TN:
SF:/Users/kanbharg/Documents/P/gits/split-the-bill/src/components/ExpenseList/index.js
FN:6,(anonymous_0)
FN:15,(anonymous_1)
FN:21,(anonymous_2)
FNF:3
FNH:3
FNDA:2,(anonymous_0)
FNDA:2,(anonymous_1)
FNDA:1,(anonymous_2)
DA:6,2
DA:7,2
DA:16,2
DA:21,1
DA:38,2
LF:5
LH:5
BRF:0
BRH:0
end_of_record
TN:
SF:/Users/kanbharg/Documents/P/gits/split-the-bill/src/components/Header/index.js
FN:5,(anonymous_0)
FNF:1
FNH:1
FNDA:1,(anonymous_0)
DA:5,1
DA:6,1
LF:2
LH:2
BRF:0
BRH:0
end_of_record
TN:
SF:/Users/kanbharg/Documents/P/gits/split-the-bill/src/containers/SettleResults/index.js
FN:8,(anonymous_0)
FN:16,(anonymous_1)
FN:21,(anonymous_2)
FN:25,(anonymous_3)
FN:38,(anonymous_4)
FN:81,(anonymous_5)
FN:91,(anonymous_6)
FNF:7
FNH:7
FNDA:5,(anonymous_0)
FNDA:5,(anonymous_1)
FNDA:9,(anonymous_2)
FNDA:25,(anonymous_3)
FNDA:8,(anonymous_4)
FNDA:13,(anonymous_5)
FNDA:11,(anonymous_6)
DA:9,5
DA:10,5
DA:17,5
DA:21,5
DA:22,9
DA:23,9
DA:24,9
DA:25,9
DA:26,25
DA:27,23
DA:28,23
DA:30,2
DA:33,9
DA:34,9
DA:38,5
DA:39,8
DA:40,8
DA:41,8
DA:43,8
DA:44,21
DA:46,8
DA:47,21
DA:49,17
DA:50,9
DA:52,23
DA:53,11
DA:54,3
DA:55,3
DA:56,3
DA:57,3
DA:58,8
DA:59,6
DA:60,6
DA:61,6
DA:62,6
DA:64,2
DA:65,2
DA:66,2
DA:67,2
DA:70,23
DA:75,8
DA:82,13
DA:84,13
DA:92,11
DA:101,2
LF:45
LH:45
BRDA:26,0,0,23
BRDA:26,0,1,2
BRDA:47,1,0,4
BRDA:47,1,1,17
BRDA:49,2,0,9
BRDA:49,2,1,8
BRDA:52,3,0,11
BRDA:52,3,1,12
BRDA:53,4,0,3
BRDA:53,4,1,8
BRDA:58,5,0,6
BRDA:58,5,1,2
BRDA:70,6,0,5
BRDA:70,6,1,18
BRDA:86,7,0,13
BRDA:86,7,1,8
BRF:16
BRH:16
end_of_record
TN:
SF:/Users/kanbharg/Documents/P/gits/split-the-bill/src/containers/UsersList/index.js
FN:8,(anonymous_0)
FN:19,(anonymous_1)
FN:21,(anonymous_2)
FN:26,(anonymous_3)
FN:45,(anonymous_4)
FN:52,(anonymous_5)
FN:53,(anonymous_6)
FN:61,(anonymous_7)
FN:71,(anonymous_8)
FNF:9
FNH:9
FNDA:6,(anonymous_0)
FNDA:14,(anonymous_1)
FNDA:4,(anonymous_2)
FNDA:1,(anonymous_3)
FNDA:1,(anonymous_4)
FNDA:1,(anonymous_5)
FNDA:1,(anonymous_6)
FNDA:3,(anonymous_7)
FNDA:14,(anonymous_8)
DA:9,6
DA:10,6
DA:19,6
DA:20,14
DA:21,14
DA:22,14
DA:26,6
DA:27,1
DA:28,1
DA:45,6
DA:46,1
DA:52,6
DA:53,1
DA:54,1
DA:55,1
DA:56,1
DA:61,6
DA:62,3
DA:63,3
DA:64,3
DA:66,3
DA:72,14
DA:73,14
DA:74,14
LF:24
LH:24
BRDA:21,0,0,4
BRDA:21,0,1,0
BRDA:67,1,0,0
BRDA:67,1,1,3
BRDA:115,2,0,3
BRDA:115,2,1,11
BRDA:115,3,0,14
BRDA:115,3,1,14
BRDA:124,4,0,14
BRDA:124,4,1,1
BRF:10
BRH:8
end_of_record
